[2022-07-14 11:33:46.416267] Bootstrap log:
Identified Python 3.8.10 at /usr/bin/python3.8
[Bootstrap] Identified pip 22.1.1 from /home/tokimpoi/.local/lib/python3.8/site-packages/pip (python 3.8)' at /usr/bin/python3.8 -m pip
[Bootstrap] Identified 'pipenv, version 2022.5.2' at /usr/bin/python3.8 -m pipenv
[Bootstrap] Running '/usr/bin/python3.8 -m pipenv install --python 3.8' to ensure the existence of a virtual environment.
[Bootstrap] This may take a moment.
Installing dependencies from Pipfile.lock (df9bb1)...
  🐍   ▉▉▉▉▉▉▉▉▉▉▉▉▉▉▉▉▉▉▉▉▉▉▉▉▉▉▉▉▉▉▉▉ 0/0 — 00:00:00
To activate this project's virtualenv, run pipenv shell.
Alternatively, run a command inside the virtualenv with pipenv run.
[Bootstrap] Running the script in a virtual environment.
/usr/bin/python3.8 -m pipenv run python3 ./main.py

[2022-07-14 11:33:46.416310] === Welcome ===
[2022-07-14 11:33:46.442031] Please review the currently saved information about your team:
[2022-07-14 11:33:46.442125]  1 - First name: Najmi; Last name: Antariksa; Matriculation number: 5311215
[2022-07-14 11:33:46.442142]  2 - First name: Hicham; Last name: Ahadriu; Matriculation number: 5337972
[2022-07-14 11:33:50.923577] 
[2022-07-14 11:33:52.452241] 
[2022-07-14 11:33:52.452408] === Submitting ===
[2022-07-14 11:33:52.892033] 
[2022-07-14 11:33:52.892982] 
[2022-07-14 11:33:52.893059] Selected variant 'C SPL Compiler' for assignment 'Aufgabe-2'.
[2022-07-14 11:33:52.969084] === Building submission ===
[2022-07-14 11:33:52.969123] Running 'cmake . && make'.
[2022-07-14 11:33:52.969248] === Building submission finished ===
[2022-07-14 11:33:55.270072] === Cleaning directory for submission ===
[2022-07-14 11:33:55.291957] === Cleaning directory finished ===
[2022-07-14 11:33:55.322195] === Starting Upload ===
[2022-07-14 11:33:55.727472] === Upload finished ===
[2022-07-14 11:33:55.727543] === BEGIN Upload Log
[2022-07-14 11:33:55.727586] [2022-07-14 11:33:55.363351] Received submission 1c965fd3-9356-44f0-9207-6984fc41e97b
[2022-07-14 11:33:55.363806] Ip: 10.192.106.83
[2022-07-14 11:33:55.364034] Team members: [('Antariksa', 'Najmi', '5311215'), ('Ahadriu', 'Hicham', '5337972')]
[2022-07-14 11:33:55.707844] Your submission was ACCEPTED for course 'Compilerbau-ss22', assignment 'Aufgabe-2'.
[2022-07-14 11:33:55.708245] Your submission has the id 1c965fd3-9356-44f0-9207-6984fc41e97b.
[2022-07-14 11:33:55.709069] It will be evaluated shortly. Please check back soon for your results.

[2022-07-14 11:33:55.727627] === END Upload Log
[2022-07-14 11:33:55.727667] Successfully submitted your solution. Please see the upload log above for more details.
[2022-07-14 11:33:55.728987] Polling for results (Press CTRL + C to abort).
[2022-07-14 11:33:55.743811] .
[2022-07-14 11:33:56.767907] .
[2022-07-14 11:33:57.800217] .
[2022-07-14 11:33:58.825210] .
[2022-07-14 11:33:59.857656] .
[2022-07-14 11:34:00.879933] .
[2022-07-14 11:34:01.924295] .
[2022-07-14 11:34:02.942510] .
[2022-07-14 11:34:03.979080] .
[2022-07-14 11:34:05.008687] .
[2022-07-14 11:34:06.042789] .
[2022-07-14 11:34:07.067132] .
[2022-07-14 11:34:08.114708] .
[2022-07-14 11:34:09.138347] .
[2022-07-14 11:34:10.157650] .
[2022-07-14 11:34:11.184220] .
[2022-07-14 11:34:12.212475] .
[2022-07-14 11:34:13.262382] .
[2022-07-14 11:34:14.324595] .
[2022-07-14 11:34:15.361954] .
[2022-07-14 11:34:16.388437] .
[2022-07-14 11:34:17.418286] .
[2022-07-14 11:34:18.453407] .
[2022-07-14 11:34:19.481990] .
[2022-07-14 11:34:20.515848] .
[2022-07-14 11:34:21.551880] .
[2022-07-14 11:34:22.580934] .
[2022-07-14 11:34:23.598817] .
[2022-07-14 11:34:24.631476] .
[2022-07-14 11:34:25.678006] .
[2022-07-14 11:34:26.748438] 
=== Evaluation results for submission '1c965fd3-9356-44f0-9207-6984fc41e97b' retrieved. ===
[2022-07-14 11:34:26.748484] You achieved the score 35/38 (92%).
[2022-07-14 11:34:26.748500] You have PASSED this assignment.
[2022-07-14 11:35:03.858643] NOTE: This evaluation log is also available at '/home/tokimpoi/compilerbau/skeleton/.submitscript/data/assignments/Aufgabe-2/submissions/[evaluated] 1c965fd3-9356-44f0-9207-6984fc41e97b/evaluation.log'
[2022-07-14 11:35:03.858884] 
