[2022-07-14 11:38:29.580561] Bootstrap log:
Identified Python 3.8.10 at /usr/bin/python3.8
[Bootstrap] Identified pip 22.1.1 from /home/tokimpoi/.local/lib/python3.8/site-packages/pip (python 3.8)' at /usr/bin/python3.8 -m pip
[Bootstrap] Identified 'pipenv, version 2022.5.2' at /usr/bin/python3.8 -m pipenv
[Bootstrap] Running '/usr/bin/python3.8 -m pipenv install --python 3.8' to ensure the existence of a virtual environment.
[Bootstrap] This may take a moment.
Installing dependencies from Pipfile.lock (df9bb1)...
  🐍   ▉▉▉▉▉▉▉▉▉▉▉▉▉▉▉▉▉▉▉▉▉▉▉▉▉▉▉▉▉▉▉▉ 0/0 — 00:00:00
To activate this project's virtualenv, run pipenv shell.
Alternatively, run a command inside the virtualenv with pipenv run.
[Bootstrap] Running the script in a virtual environment.
/usr/bin/python3.8 -m pipenv run python3 ./main.py

[2022-07-14 11:38:29.580610] === Welcome ===
[2022-07-14 11:38:29.618986] Please review the currently saved information about your team:
[2022-07-14 11:38:29.619587]  1 - First name: Najmi; Last name: Antariksa; Matriculation number: 5311215
[2022-07-14 11:38:29.619621]  2 - First name: Hicham; Last name: Ahadriu; Matriculation number: 5337972
[2022-07-14 11:38:32.702956] 
[2022-07-14 11:38:41.525798] 
[2022-07-14 11:38:41.525849] === Submitting ===
[2022-07-14 11:38:42.337901] 
[2022-07-14 11:38:42.338219] 
[2022-07-14 11:38:42.338239] Selected variant 'C SPL Compiler' for assignment 'Aufgabe-2'.
[2022-07-14 11:38:42.432640] === Building submission ===
[2022-07-14 11:38:42.432678] Running 'cmake . && make'.
[2022-07-14 11:38:42.432691] === Building submission finished ===
[2022-07-14 11:38:46.049626] === Cleaning directory for submission ===
[2022-07-14 11:38:46.102504] === Cleaning directory finished ===
[2022-07-14 11:38:46.151429] === Starting Upload ===
[2022-07-14 11:38:46.643512] === Upload finished ===
[2022-07-14 11:38:46.643547] === BEGIN Upload Log
[2022-07-14 11:38:46.643566] [2022-07-14 11:38:46.199405] Received submission 38627b60-3de2-45d9-b2f2-07018050e18d
[2022-07-14 11:38:46.200018] Ip: 10.192.106.83
[2022-07-14 11:38:46.200246] Team members: [('Antariksa', 'Najmi', '5311215'), ('Ahadriu', 'Hicham', '5337972')]
[2022-07-14 11:38:46.627797] Your submission was ACCEPTED for course 'Compilerbau-ss22', assignment 'Aufgabe-2'.
[2022-07-14 11:38:46.628143] Your submission has the id 38627b60-3de2-45d9-b2f2-07018050e18d.
[2022-07-14 11:38:46.628725] It will be evaluated shortly. Please check back soon for your results.

[2022-07-14 11:38:46.643584] === END Upload Log
[2022-07-14 11:38:46.643601] Successfully submitted your solution. Please see the upload log above for more details.
[2022-07-14 11:38:46.644558] Polling for results (Press CTRL + C to abort).
[2022-07-14 11:38:46.661207] .
[2022-07-14 11:38:47.705168] .
[2022-07-14 11:38:48.729695] .
[2022-07-14 11:38:49.760952] .
[2022-07-14 11:38:50.793069] .
[2022-07-14 11:38:51.816349] .
[2022-07-14 11:38:52.835164] .
[2022-07-14 11:38:53.856677] .
[2022-07-14 11:38:54.886778] .
[2022-07-14 11:38:55.914433] .
[2022-07-14 11:38:56.948376] .
[2022-07-14 11:38:57.983469] .
[2022-07-14 11:38:59.022562] .
[2022-07-14 11:39:00.062671] .
[2022-07-14 11:39:01.095700] .
[2022-07-14 11:39:02.137012] .
[2022-07-14 11:39:03.160109] .
[2022-07-14 11:39:04.188832] .
[2022-07-14 11:39:05.367436] .
[2022-07-14 11:39:06.404248] .
[2022-07-14 11:39:07.432719] .
[2022-07-14 11:39:08.455658] .
[2022-07-14 11:39:09.479363] .
[2022-07-14 11:39:10.502242] .
[2022-07-14 11:39:11.522244] .
[2022-07-14 11:39:12.555751] .
[2022-07-14 11:39:13.590957] .
[2022-07-14 11:39:14.621843] .
[2022-07-14 11:39:15.644403] .
[2022-07-14 11:39:16.724867] 
=== Evaluation results for submission '38627b60-3de2-45d9-b2f2-07018050e18d' retrieved. ===
[2022-07-14 11:39:16.724974] You achieved the score 35/38 (92%).
[2022-07-14 11:39:16.725021] You have PASSED this assignment.
