Identified Python 3.8.10 at /usr/bin/python3.8
[Bootstrap] Identified pip 22.1.1 from /home/tokimpoi/.local/lib/python3.8/site-packages/pip (python 3.8)' at /usr/bin/python3.8 -m pip
[Bootstrap] Identified 'pipenv, version 2022.5.2' at /usr/bin/python3.8 -m pipenv
[Bootstrap] Running '/usr/bin/python3.8 -m pipenv install --python 3.8' to ensure the existence of a virtual environment.
[Bootstrap] This may take a moment.
Installing dependencies from Pipfile.lock (df9bb1)...
  🐍   ▉▉▉▉▉▉▉▉▉▉▉▉▉▉▉▉▉▉▉▉▉▉▉▉▉▉▉▉▉▉▉▉ 0/0 — 00:00:00
To activate this project's virtualenv, run pipenv shell.
Alternatively, run a command inside the virtualenv with pipenv run.
[Bootstrap] Running the script in a virtual environment.
/usr/bin/python3.8 -m pipenv run python3 ./main.py
=== Welcome ===
Please review the currently saved information about your team:
 1 - First name: Najmi; Last name: Antariksa; Matriculation number: 5311215
 2 - First name: Hicham; Last name: Ahadriu; Matriculation number: 5337972
Is this information up to date? [Y/n] 
Do you want to submit a solution now? [Y/n] 
=== Submitting ===
Please choose the assignment you want to submit. 
 1 - Aufgabe-1
 2 - Aufgabe-2
Please enter the id of your selection: 

Selected variant 'C SPL Compiler' for assignment 'Aufgabe-2'.
=== Building submission ===
Running 'cmake . && make'.
=== Building submission finished ===
=== Cleaning directory for submission ===
=== Cleaning directory finished ===
=== Starting Upload ===
=== Upload finished ===
=== BEGIN Upload Log
[2022-07-14 11:38:46.199405] Received submission 38627b60-3de2-45d9-b2f2-07018050e18d
[2022-07-14 11:38:46.200018] Ip: 10.192.106.83
[2022-07-14 11:38:46.200246] Team members: [('Antariksa', 'Najmi', '5311215'), ('Ahadriu', 'Hicham', '5337972')]
[2022-07-14 11:38:46.627797] Your submission was ACCEPTED for course 'Compilerbau-ss22', assignment 'Aufgabe-2'.
[2022-07-14 11:38:46.628143] Your submission has the id 38627b60-3de2-45d9-b2f2-07018050e18d.
[2022-07-14 11:38:46.628725] It will be evaluated shortly. Please check back soon for your results.

=== END Upload Log
Successfully submitted your solution. Please see the upload log above for more details.
Polling for results (Press CTRL + C to abort)..............................
=== Evaluation results for submission '38627b60-3de2-45d9-b2f2-07018050e18d' retrieved. ===
You achieved the score 35/38 (92%).
You have PASSED this assignment.
Do you want to view the evaluation log now? [Y/n] 